Determining if the Q_WS_WIN exist failed with the following output:
Change Dir: /home/robolab/robocomp/components/robocomp-viriato/components/humanPose/cmake-build-debug/CMakeFiles/CMakeTmp

Run Build Command:"/usr/bin/make" "cmTC_97dc7/fast"
/usr/bin/make -f CMakeFiles/cmTC_97dc7.dir/build.make CMakeFiles/cmTC_97dc7.dir/build
make[1]: se entra en el directorio '/home/robolab/robocomp/components/robocomp-viriato/components/humanPose/cmake-build-debug/CMakeFiles/CMakeTmp'
Building CXX object CMakeFiles/cmTC_97dc7.dir/CheckSymbolExists.cxx.o
/usr/bin/c++   -I/usr/include/qt4   -o CMakeFiles/cmTC_97dc7.dir/CheckSymbolExists.cxx.o -c /home/robolab/robocomp/components/robocomp-viriato/components/humanPose/cmake-build-debug/CMakeFiles/CMakeTmp/CheckSymbolExists.cxx
/home/robolab/robocomp/components/robocomp-viriato/components/humanPose/cmake-build-debug/CMakeFiles/CMakeTmp/CheckSymbolExists.cxx: In function ‘int main(int, char**)’:
/home/robolab/robocomp/components/robocomp-viriato/components/humanPose/cmake-build-debug/CMakeFiles/CMakeTmp/CheckSymbolExists.cxx:8:19: error: ‘Q_WS_WIN’ was not declared in this scope
   return ((int*)(&Q_WS_WIN))[argc];
                   ^~~~~~~~
/home/robolab/robocomp/components/robocomp-viriato/components/humanPose/cmake-build-debug/CMakeFiles/CMakeTmp/CheckSymbolExists.cxx:8:19: note: suggested alternative: ‘Q_WS_X11’
   return ((int*)(&Q_WS_WIN))[argc];
                   ^~~~~~~~
                   Q_WS_X11
CMakeFiles/cmTC_97dc7.dir/build.make:65: recipe for target 'CMakeFiles/cmTC_97dc7.dir/CheckSymbolExists.cxx.o' failed
make[1]: *** [CMakeFiles/cmTC_97dc7.dir/CheckSymbolExists.cxx.o] Error 1
make[1]: se sale del directorio '/home/robolab/robocomp/components/robocomp-viriato/components/humanPose/cmake-build-debug/CMakeFiles/CMakeTmp'
Makefile:121: recipe for target 'cmTC_97dc7/fast' failed
make: *** [cmTC_97dc7/fast] Error 2

File /home/robolab/robocomp/components/robocomp-viriato/components/humanPose/cmake-build-debug/CMakeFiles/CMakeTmp/CheckSymbolExists.cxx:
/* */
#include <QtCore/qglobal.h>

int main(int argc, char** argv)
{
  (void)argv;
#ifndef Q_WS_WIN
  return ((int*)(&Q_WS_WIN))[argc];
#else
  (void)argc;
  return 0;
#endif
}

Determining if the Q_WS_QWS exist failed with the following output:
Change Dir: /home/robolab/robocomp/components/robocomp-viriato/components/humanPose/cmake-build-debug/CMakeFiles/CMakeTmp

Run Build Command:"/usr/bin/make" "cmTC_b053c/fast"
/usr/bin/make -f CMakeFiles/cmTC_b053c.dir/build.make CMakeFiles/cmTC_b053c.dir/build
make[1]: se entra en el directorio '/home/robolab/robocomp/components/robocomp-viriato/components/humanPose/cmake-build-debug/CMakeFiles/CMakeTmp'
Building CXX object CMakeFiles/cmTC_b053c.dir/CheckSymbolExists.cxx.o
/usr/bin/c++   -I/usr/include/qt4   -o CMakeFiles/cmTC_b053c.dir/CheckSymbolExists.cxx.o -c /home/robolab/robocomp/components/robocomp-viriato/components/humanPose/cmake-build-debug/CMakeFiles/CMakeTmp/CheckSymbolExists.cxx
/home/robolab/robocomp/components/robocomp-viriato/components/humanPose/cmake-build-debug/CMakeFiles/CMakeTmp/CheckSymbolExists.cxx: In function ‘int main(int, char**)’:
/home/robolab/robocomp/components/robocomp-viriato/components/humanPose/cmake-build-debug/CMakeFiles/CMakeTmp/CheckSymbolExists.cxx:8:19: error: ‘Q_WS_QWS’ was not declared in this scope
   return ((int*)(&Q_WS_QWS))[argc];
                   ^~~~~~~~
/home/robolab/robocomp/components/robocomp-viriato/components/humanPose/cmake-build-debug/CMakeFiles/CMakeTmp/CheckSymbolExists.cxx:8:19: note: suggested alternative: ‘Q_WS_X11’
   return ((int*)(&Q_WS_QWS))[argc];
                   ^~~~~~~~
                   Q_WS_X11
CMakeFiles/cmTC_b053c.dir/build.make:65: recipe for target 'CMakeFiles/cmTC_b053c.dir/CheckSymbolExists.cxx.o' failed
make[1]: *** [CMakeFiles/cmTC_b053c.dir/CheckSymbolExists.cxx.o] Error 1
make[1]: se sale del directorio '/home/robolab/robocomp/components/robocomp-viriato/components/humanPose/cmake-build-debug/CMakeFiles/CMakeTmp'
Makefile:121: recipe for target 'cmTC_b053c/fast' failed
make: *** [cmTC_b053c/fast] Error 2

File /home/robolab/robocomp/components/robocomp-viriato/components/humanPose/cmake-build-debug/CMakeFiles/CMakeTmp/CheckSymbolExists.cxx:
/* */
#include <QtCore/qglobal.h>

int main(int argc, char** argv)
{
  (void)argv;
#ifndef Q_WS_QWS
  return ((int*)(&Q_WS_QWS))[argc];
#else
  (void)argc;
  return 0;
#endif
}

Determining if the Q_WS_MAC exist failed with the following output:
Change Dir: /home/robolab/robocomp/components/robocomp-viriato/components/humanPose/cmake-build-debug/CMakeFiles/CMakeTmp

Run Build Command:"/usr/bin/make" "cmTC_01104/fast"
/usr/bin/make -f CMakeFiles/cmTC_01104.dir/build.make CMakeFiles/cmTC_01104.dir/build
make[1]: se entra en el directorio '/home/robolab/robocomp/components/robocomp-viriato/components/humanPose/cmake-build-debug/CMakeFiles/CMakeTmp'
Building CXX object CMakeFiles/cmTC_01104.dir/CheckSymbolExists.cxx.o
/usr/bin/c++   -I/usr/include/qt4   -o CMakeFiles/cmTC_01104.dir/CheckSymbolExists.cxx.o -c /home/robolab/robocomp/components/robocomp-viriato/components/humanPose/cmake-build-debug/CMakeFiles/CMakeTmp/CheckSymbolExists.cxx
/home/robolab/robocomp/components/robocomp-viriato/components/humanPose/cmake-build-debug/CMakeFiles/CMakeTmp/CheckSymbolExists.cxx: In function ‘int main(int, char**)’:
/home/robolab/robocomp/components/robocomp-viriato/components/humanPose/cmake-build-debug/CMakeFiles/CMakeTmp/CheckSymbolExists.cxx:8:19: error: ‘Q_WS_MAC’ was not declared in this scope
   return ((int*)(&Q_WS_MAC))[argc];
                   ^~~~~~~~
/home/robolab/robocomp/components/robocomp-viriato/components/humanPose/cmake-build-debug/CMakeFiles/CMakeTmp/CheckSymbolExists.cxx:8:19: note: suggested alternative: ‘Q_WS_X11’
   return ((int*)(&Q_WS_MAC))[argc];
                   ^~~~~~~~
                   Q_WS_X11
CMakeFiles/cmTC_01104.dir/build.make:65: recipe for target 'CMakeFiles/cmTC_01104.dir/CheckSymbolExists.cxx.o' failed
make[1]: *** [CMakeFiles/cmTC_01104.dir/CheckSymbolExists.cxx.o] Error 1
make[1]: se sale del directorio '/home/robolab/robocomp/components/robocomp-viriato/components/humanPose/cmake-build-debug/CMakeFiles/CMakeTmp'
Makefile:121: recipe for target 'cmTC_01104/fast' failed
make: *** [cmTC_01104/fast] Error 2

File /home/robolab/robocomp/components/robocomp-viriato/components/humanPose/cmake-build-debug/CMakeFiles/CMakeTmp/CheckSymbolExists.cxx:
/* */
#include <QtCore/qglobal.h>

int main(int argc, char** argv)
{
  (void)argv;
#ifndef Q_WS_MAC
  return ((int*)(&Q_WS_MAC))[argc];
#else
  (void)argc;
  return 0;
#endif
}

Determining if the pthread_create exist failed with the following output:
Change Dir: /home/robolab/robocomp/components/robocomp-viriato/components/humanPose/cmake-build-debug/CMakeFiles/CMakeTmp

Run Build Command:"/usr/bin/make" "cmTC_8a948/fast"
/usr/bin/make -f CMakeFiles/cmTC_8a948.dir/build.make CMakeFiles/cmTC_8a948.dir/build
make[1]: se entra en el directorio '/home/robolab/robocomp/components/robocomp-viriato/components/humanPose/cmake-build-debug/CMakeFiles/CMakeTmp'
Building C object CMakeFiles/cmTC_8a948.dir/CheckSymbolExists.c.o
/usr/bin/cc    -o CMakeFiles/cmTC_8a948.dir/CheckSymbolExists.c.o   -c /home/robolab/robocomp/components/robocomp-viriato/components/humanPose/cmake-build-debug/CMakeFiles/CMakeTmp/CheckSymbolExists.c
Linking C executable cmTC_8a948
/opt/clion/bin/cmake/linux/bin/cmake -E cmake_link_script CMakeFiles/cmTC_8a948.dir/link.txt --verbose=1
/usr/bin/cc      -rdynamic CMakeFiles/cmTC_8a948.dir/CheckSymbolExists.c.o  -o cmTC_8a948 
CMakeFiles/cmTC_8a948.dir/CheckSymbolExists.c.o: En la función `main':
CheckSymbolExists.c:(.text+0x1b): referencia a `pthread_create' sin definir
collect2: error: ld returned 1 exit status
CMakeFiles/cmTC_8a948.dir/build.make:86: recipe for target 'cmTC_8a948' failed
make[1]: *** [cmTC_8a948] Error 1
make[1]: se sale del directorio '/home/robolab/robocomp/components/robocomp-viriato/components/humanPose/cmake-build-debug/CMakeFiles/CMakeTmp'
Makefile:121: recipe for target 'cmTC_8a948/fast' failed
make: *** [cmTC_8a948/fast] Error 2

File /home/robolab/robocomp/components/robocomp-viriato/components/humanPose/cmake-build-debug/CMakeFiles/CMakeTmp/CheckSymbolExists.c:
/* */
#include <pthread.h>

int main(int argc, char** argv)
{
  (void)argv;
#ifndef pthread_create
  return ((int*)(&pthread_create))[argc];
#else
  (void)argc;
  return 0;
#endif
}

Determining if the function pthread_create exists in the pthreads failed with the following output:
Change Dir: /home/robolab/robocomp/components/robocomp-viriato/components/humanPose/cmake-build-debug/CMakeFiles/CMakeTmp

Run Build Command:"/usr/bin/make" "cmTC_60731/fast"
/usr/bin/make -f CMakeFiles/cmTC_60731.dir/build.make CMakeFiles/cmTC_60731.dir/build
make[1]: se entra en el directorio '/home/robolab/robocomp/components/robocomp-viriato/components/humanPose/cmake-build-debug/CMakeFiles/CMakeTmp'
Building C object CMakeFiles/cmTC_60731.dir/CheckFunctionExists.c.o
/usr/bin/cc   -DCHECK_FUNCTION_EXISTS=pthread_create   -o CMakeFiles/cmTC_60731.dir/CheckFunctionExists.c.o   -c /opt/clion/bin/cmake/linux/share/cmake-3.12/Modules/CheckFunctionExists.c
Linking C executable cmTC_60731
/opt/clion/bin/cmake/linux/bin/cmake -E cmake_link_script CMakeFiles/cmTC_60731.dir/link.txt --verbose=1
/usr/bin/cc  -DCHECK_FUNCTION_EXISTS=pthread_create    -rdynamic CMakeFiles/cmTC_60731.dir/CheckFunctionExists.c.o  -o cmTC_60731 -lpthreads 
/usr/bin/ld: no se puede encontrar -lpthreads
collect2: error: ld returned 1 exit status
CMakeFiles/cmTC_60731.dir/build.make:86: recipe for target 'cmTC_60731' failed
make[1]: *** [cmTC_60731] Error 1
make[1]: se sale del directorio '/home/robolab/robocomp/components/robocomp-viriato/components/humanPose/cmake-build-debug/CMakeFiles/CMakeTmp'
Makefile:121: recipe for target 'cmTC_60731/fast' failed
make: *** [cmTC_60731/fast] Error 2


